<?xml version="1.0" encoding="UTF-8"?>
<!-- Generated by org.testng.reporters.JUnitReportReporter -->
<testsuite hostname="LAPTOP-H2F0LVSP" failures="0" tests="2" name="playwrightframework.com.salesforce.qa.test.LoginTest" time="13.123" errors="0" timestamp="2024-09-16T20:55:30 EDT" skipped="0">
  <testcase classname="playwrightframework.com.salesforce.qa.test.LoginTest" name="testValidLogin" time="6.376"/>
  <system-out/>
  <testcase classname="playwrightframework.com.salesforce.qa.test.LoginTest" name="navigateToSdfc" time="6.747"/>
  <system-out/>
</testsuite> <!-- playwrightframework.com.salesforce.qa.test.LoginTest -->
